12092013 08:17:02 - SelectKeyword:[铁观音 茶农直销]
12092013 08:18:25 - SelectKeyword:[铁观音 茶农直销]
12092013 08:22:16 - SelectKeyword:[铁观音 茶农直销]
12092013 08:24:50 - SelectKeyword:[铁观音 茶农直销]
12092013 08:31:43 - SelectKeyword:[铁观音 茶农直销]
12092013 09:24:48 - SelectKeyword:[铁观音 茶农直销]
12092013 09:27:26 - SelectKeyword:[铁观音 茶农直销]
12092013 09:29:01 - SelectKeyword:[铁观音 茶农直销]
12092013 09:35:45 - SelectKeyword:[铁观音 茶农直销]
12092013 09:36:36 - SelectKeyword:[铁观音 茶农直销]
12092013 09:37:45 - SelectKeyword:[铁观音 茶农直销]
12092013 09:42:07 - SelectKeyword:[铁观音 茶农直销]
12092013 09:45:37 - SelectKeyword:[铁观音 茶农直销]
12092013 09:46:55 - SelectKeyword:[铁观音 茶农直销]
12092013 09:47:24 - SelectKeyword:[铁观音 茶农直销]
12092013 09:53:32 - SelectKeyword:[铁观音 茶农直销]
12092013 09:55:04 - SelectKeyword:[铁观音 茶农直销]
12092013 09:55:58 - SelectKeyword:[铁观音 茶农直销]
12092013 09:59:23 - SelectKeyword:[铁观音 茶农直销]
12092013 11:00:31 - SelectKeyword:[铁观音 茶农直销]
12092013 11:16:35 - SelectKeyword:[铁观音 茶农直销]
2013-09-12 11:26:08 - SelectKeyword:[铁观音 茶农直销]
2013-09-12 11:27:27 - 访问深度:3
2013-09-12 11:28:05 - 其他宝贝:免费茶样，点我哦，亲
2013-09-12 11:28:11 - 其他宝贝:成交记录 (0件) 
2013-09-12 11:28:16 - 其他宝贝:宝贝详情 
2013-09-12 11:28:31 - 访问主宝贝结束了,应该要跳转了
2013-09-12 11:31:20 - 访问深度:3
2013-09-12 11:31:20 - 其他宝贝:评价详情(5) 
2013-09-12 11:31:20 - 其他宝贝:立即购买
2013-09-12 11:31:20 - 其他宝贝:我有银行卡，如何支付
2013-09-12 11:37:26 - SelectKeyword:[铁观音 茶农直销]
2013-09-12 11:38:16 - 访问深度:2
2013-09-12 11:38:16 - 其他宝贝:<a hideFocus="true" class="tb-tab-anchor" href="#reviews" data-index="1">评价详情(<em class="J_ReviewsCount">0</em>)            </a>
2013-09-12 11:38:16 - 其他宝贝:<a class="tb-increase J_Increase" href="#">﹢</a>
2013-09-12 11:38:39 - 访问主宝贝结束了,应该要跳转了
2013-09-12 11:42:33 - Broswer:[0] clean done!
2013-09-12 11:42:33 - SelectKeyword:[铁观音 茶农直销]
2013-09-12 11:43:57 - 访问深度:4
2013-09-12 11:57:26 - SelectKeyword:[铁观音 茶农直销]
2013-09-12 11:59:18 - 访问深度:2
2013-09-12 11:59:34 - 其他宝贝:<a style="color: rgb(51, 51, 51); text-decoration: none;" href="http://item.taobao.com/item.htm?id=19028518449">限时团购，活动结束立马调价，抢到就是赚到！</a>
2013-09-12 11:59:34 - 其他宝贝:<a style="color: rgb(51, 51, 51); text-decoration: none;" href="http://item.taobao.com/item.htm?id=19028518449">限时团购，活动结束立马调价，抢到就是赚到！</a>
2013-09-12 11:59:34 - 访问主宝贝结束了,应该要跳转了
2013-09-13 10:06:51 - SelectKeyword:[铁观音 茶农直销]
2013-09-13 10:08:24 - 访问主宝贝结束了,应该要跳转了
2013-09-13 10:08:25 - 访问深度:4
2013-09-13 10:10:58 - SelectKeyword:[铁观音 茶农直销]
2013-09-13 10:16:15 - SelectKeyword:[铁观音 茶农直销]
2013-09-13 10:17:38 - 访问主宝贝结束了,应该要跳转了
2013-09-13 10:23:08 - SelectKeyword:[铁观音 茶农直销]
2013-09-13 10:24:54 - 访问主宝贝结束了,应该要跳转了
2013-09-13 10:24:56 - 访问深度:2
2013-09-13 10:24:56 - 其他宝贝:<A href="http://item.taobao.com/item.htm?id=19030898082" target=_blank><SPAN class=buynow>立即购买</SPAN></A>
2013-09-13 10:24:56 - 其他宝贝:<A href="http://item.taobao.com/item.htm?id=19030898082" target=_blank><SPAN class=buynow>立即购买</SPAN></A>
2013-09-13 10:30:54 - SelectKeyword:[铁观音 茶农直销]
2013-09-13 10:32:28 - 访问主宝贝结束了,应该要跳转了
2013-09-13 10:32:29 - 访问深度:2
2013-09-13 10:32:29 - 其他宝贝:<A href="http://item.taobao.com/item.htm?id=26329540206" target=_blank><SPAN class=buynow>立即购买</SPAN></A>
2013-09-13 10:32:29 - 其他宝贝:<A href="http://item.taobao.com/item.htm?id=26452812346" target=_blank><SPAN class=buynow>立即购买</SPAN></A>
2013-09-13 10:37:41 - SelectKeyword:[铁观音 茶农直销]
2013-09-13 10:39:26 - 访问主宝贝结束了,应该要跳转了
2013-09-13 10:39:26 - 访问深度:1
2013-09-13 10:39:26 - 其他宝贝:<A href="http://item.taobao.com/item.htm?id=21548999561" target=_blank><SPAN class=buynow>立即购买</SPAN></A>
2013-09-13 10:40:50 - Broswer:[0] clean done!
2013-09-13 10:40:50 - SelectKeyword:[铁观音 茶农直销]
2013-09-13 10:42:09 - 访问主宝贝结束了,应该要跳转了
2013-09-13 10:42:09 - 访问深度:4
2013-09-13 10:42:09 - 其他宝贝:<A href="http://item.taobao.com/item.htm?id=19143354626" target=_blank><SPAN class=buynow>立即购买</SPAN></A>
2013-09-13 10:42:09 - 其他宝贝:<A href="http://item.taobao.com/item.htm?id=21415991366" target=_blank><SPAN class=buynow>立即购买</SPAN></A>
2013-09-13 10:42:09 - 其他宝贝:<A href="http://item.taobao.com/item.htm?id=19143354626" target=_blank><SPAN class=buynow>立即购买</SPAN></A>
2013-09-13 10:42:09 - 其他宝贝:<A href="http://item.taobao.com/item.htm?id=19157081755" target=_blank><SPAN class=buynow>立即购买</SPAN></A>
